<?xml version="1.0" encoding="UTF-8"?>
<testsuite xmlns:xsi="http://www.w3.org/2001/XMLSchema-instance" xsi:noNamespaceSchemaLocation="https://maven.apache.org/surefire/maven-surefire-plugin/xsd/surefire-test-report.xsd" name="edu.upc.etsetb.tfm.xml_signature_validation.signature.BasicSignatureValidatorTest" time="4.326" tests="26" errors="0" skipped="0" failures="0">
  <properties>
    <property name="java.specification.version" value="16"/>
    <property name="sun.cpu.isalist" value="amd64"/>
    <property name="sun.jnu.encoding" value="Cp1252"/>
    <property name="java.class.path" value="C:\Users\mique\Documents\NetBeansProjects\XML_signature_validation\target\test-classes;C:\Users\mique\Documents\NetBeansProjects\XML_signature_validation\target\classes;C:\Users\mique\.m2\repository\org\bouncycastle\bcprov-jdk16\1.46\bcprov-jdk16-1.46.jar;C:\Users\mique\.m2\repository\org\junit\jupiter\junit-jupiter-engine\5.9.2\junit-jupiter-engine-5.9.2.jar;C:\Users\mique\.m2\repository\org\junit\platform\junit-platform-engine\1.9.2\junit-platform-engine-1.9.2.jar;C:\Users\mique\.m2\repository\org\opentest4j\opentest4j\1.2.0\opentest4j-1.2.0.jar;C:\Users\mique\.m2\repository\org\junit\platform\junit-platform-commons\1.9.2\junit-platform-commons-1.9.2.jar;C:\Users\mique\.m2\repository\org\junit\jupiter\junit-jupiter-api\5.9.2\junit-jupiter-api-5.9.2.jar;C:\Users\mique\.m2\repository\org\apiguardian\apiguardian-api\1.1.2\apiguardian-api-1.1.2.jar;C:\Users\mique\.m2\repository\org\mockito\mockito-core\5.3.1\mockito-core-5.3.1.jar;C:\Users\mique\.m2\repository\net\bytebuddy\byte-buddy\1.14.4\byte-buddy-1.14.4.jar;C:\Users\mique\.m2\repository\net\bytebuddy\byte-buddy-agent\1.14.4\byte-buddy-agent-1.14.4.jar;C:\Users\mique\.m2\repository\org\objenesis\objenesis\3.3\objenesis-3.3.jar;C:\Users\mique\.m2\repository\org\mockito\mockito-junit-jupiter\5.3.1\mockito-junit-jupiter-5.3.1.jar;C:\Users\mique\.m2\repository\junit\junit\4.13.1\junit-4.13.1.jar;C:\Users\mique\.m2\repository\org\hamcrest\hamcrest-core\1.3\hamcrest-core-1.3.jar;C:\Users\mique\.m2\repository\org\mockito\mockito-all\1.10.19\mockito-all-1.10.19.jar;C:\Users\mique\.m2\repository\com\google\code\findbugs\jsr305\2.0.1\jsr305-2.0.1.jar;"/>
    <property name="java.vm.vendor" value="Oracle Corporation"/>
    <property name="sun.arch.data.model" value="64"/>
    <property name="user.variant" value=""/>
    <property name="java.vendor.url" value="https://java.oracle.com/"/>
    <property name="user.timezone" value="Europe/Madrid"/>
    <property name="os.name" value="Windows 10"/>
    <property name="java.vm.specification.version" value="16"/>
    <property name="user.country" value="ES"/>
    <property name="sun.java.launcher" value="SUN_STANDARD"/>
    <property name="sun.boot.library.path" value="C:\Program Files\Java\jdk-16\bin"/>
    <property name="sun.java.command" value="C:\Users\mique\AppData\Local\Temp\surefire13499486230919381631\surefirebooter3998401614547010399.jar C:\Users\mique\AppData\Local\Temp\surefire13499486230919381631 2023-08-29T19-34-00_763-jvmRun1 surefire2067785107103831936tmp surefire_012514832795945602292tmp"/>
    <property name="jdk.debug" value="release"/>
    <property name="test" value="edu.upc.etsetb.tfm.xml_signature_validation.signature.BasicSignatureValidatorTest"/>
    <property name="surefire.test.class.path" value="C:\Users\mique\Documents\NetBeansProjects\XML_signature_validation\target\test-classes;C:\Users\mique\Documents\NetBeansProjects\XML_signature_validation\target\classes;C:\Users\mique\.m2\repository\org\bouncycastle\bcprov-jdk16\1.46\bcprov-jdk16-1.46.jar;C:\Users\mique\.m2\repository\org\junit\jupiter\junit-jupiter-engine\5.9.2\junit-jupiter-engine-5.9.2.jar;C:\Users\mique\.m2\repository\org\junit\platform\junit-platform-engine\1.9.2\junit-platform-engine-1.9.2.jar;C:\Users\mique\.m2\repository\org\opentest4j\opentest4j\1.2.0\opentest4j-1.2.0.jar;C:\Users\mique\.m2\repository\org\junit\platform\junit-platform-commons\1.9.2\junit-platform-commons-1.9.2.jar;C:\Users\mique\.m2\repository\org\junit\jupiter\junit-jupiter-api\5.9.2\junit-jupiter-api-5.9.2.jar;C:\Users\mique\.m2\repository\org\apiguardian\apiguardian-api\1.1.2\apiguardian-api-1.1.2.jar;C:\Users\mique\.m2\repository\org\mockito\mockito-core\5.3.1\mockito-core-5.3.1.jar;C:\Users\mique\.m2\repository\net\bytebuddy\byte-buddy\1.14.4\byte-buddy-1.14.4.jar;C:\Users\mique\.m2\repository\net\bytebuddy\byte-buddy-agent\1.14.4\byte-buddy-agent-1.14.4.jar;C:\Users\mique\.m2\repository\org\objenesis\objenesis\3.3\objenesis-3.3.jar;C:\Users\mique\.m2\repository\org\mockito\mockito-junit-jupiter\5.3.1\mockito-junit-jupiter-5.3.1.jar;C:\Users\mique\.m2\repository\junit\junit\4.13.1\junit-4.13.1.jar;C:\Users\mique\.m2\repository\org\hamcrest\hamcrest-core\1.3\hamcrest-core-1.3.jar;C:\Users\mique\.m2\repository\org\mockito\mockito-all\1.10.19\mockito-all-1.10.19.jar;C:\Users\mique\.m2\repository\com\google\code\findbugs\jsr305\2.0.1\jsr305-2.0.1.jar;"/>
    <property name="sun.cpu.endian" value="little"/>
    <property name="user.home" value="C:\Users\mique"/>
    <property name="user.language" value="es"/>
    <property name="java.specification.vendor" value="Oracle Corporation"/>
    <property name="java.version.date" value="2021-03-16"/>
    <property name="java.home" value="C:\Program Files\Java\jdk-16"/>
    <property name="file.separator" value="\"/>
    <property name="basedir" value="C:\Users\mique\Documents\NetBeansProjects\XML_signature_validation"/>
    <property name="java.vm.compressedOopsMode" value="Zero based"/>
    <property name="line.separator" value="&#10;"/>
    <property name="java.vm.specification.vendor" value="Oracle Corporation"/>
    <property name="java.specification.name" value="Java Platform API Specification"/>
    <property name="surefire.real.class.path" value="C:\Users\mique\AppData\Local\Temp\surefire13499486230919381631\surefirebooter3998401614547010399.jar"/>
    <property name="user.script" value=""/>
    <property name="sun.management.compiler" value="HotSpot 64-Bit Tiered Compilers"/>
    <property name="java.runtime.version" value="16+36-2231"/>
    <property name="user.name" value="mique"/>
    <property name="path.separator" value=";"/>
    <property name="os.version" value="10.0"/>
    <property name="java.runtime.name" value="OpenJDK Runtime Environment"/>
    <property name="file.encoding" value="UTF-8"/>
    <property name="java.vm.name" value="OpenJDK 64-Bit Server VM"/>
    <property name="maven.ext.class.path" value="C:\Program Files\NetBeans-12.4\netbeans\java\maven-nblib\netbeans-eventspy.jar"/>
    <property name="localRepository" value="C:\Users\mique\.m2\repository"/>
    <property name="java.vendor.url.bug" value="https://bugreport.java.com/bugreport/"/>
    <property name="java.io.tmpdir" value="C:\Users\mique\AppData\Local\Temp\"/>
    <property name="java.version" value="16"/>
    <property name="user.dir" value="C:\Users\mique\Documents\NetBeansProjects\XML_signature_validation"/>
    <property name="os.arch" value="amd64"/>
    <property name="java.vm.specification.name" value="Java Virtual Machine Specification"/>
    <property name="sun.os.patch.level" value=""/>
    <property name="java.library.path" value="C:\Program Files\Java\jdk-16\bin;C:\WINDOWS\Sun\Java\bin;C:\WINDOWS\system32;C:\WINDOWS;C:\Program Files\Common Files\Oracle\Java\javapath;C:\Program Files (x86)\Common Files\Oracle\Java\javapath;C:\WINDOWS\system32;C:\WINDOWS;C:\WINDOWS\System32\Wbem;C:\WINDOWS\System32\WindowsPowerShell\v1.0\;C:\WINDOWS\System32\OpenSSH\;C:\Program Files\apache-maven-3.8.2\bin;C:\Program Files\Java\jdk-16;C:\Program Files\MATLAB\R2021b\bin;C:\Program Files\Docker\Docker\resources\bin;C:\ProgramData\DockerDesktop\version-bin;C:\Program Files\MySQL\MySQL Server 8.0\bin;C:\Program Files\nodejs\;C:\ProgramData\chocolatey\bin;C:\Python310;C:\Users\mique\AppData\Local\Programs\Python\Python310\Scripts\;C:\Users\mique\AppData\Local\Programs\Python\Python310\;C:\Program Files\MySQL\MySQL Shell 8.0\bin\;C:\Users\mique\AppData\Local\Microsoft\WindowsApps;C:\Users\mique\AppData\Local\Programs\Microsoft VS Code\bin;C:\Program Files\Java\jdk-16;C:\Program Files\apache-maven-3.8.2\bin;C:\Users\mique\AppData\Local\Programs\MiKTeX\miktex\bin\x64\;C:\Users\mique\AppData\Roaming\npm;C:\Users\mique\Desktop\Treballs\MATT\IOT;C:\Users\mique\AppData\Local\GitHubDesktop\bin;."/>
    <property name="java.vm.info" value="mixed mode, sharing"/>
    <property name="java.vendor" value="Oracle Corporation"/>
    <property name="java.vm.version" value="16+36-2231"/>
    <property name="sun.io.unicode.encoding" value="UnicodeLittle"/>
    <property name="java.class.version" value="60.0"/>
  </properties>
  <testcase name="test_21_SigningCertificateFound_InputPolicyInvalid_ValidChain_NoDataObjects" classname="edu.upc.etsetb.tfm.xml_signature_validation.signature.BasicSignatureValidatorTest" time="3.388"/>
  <testcase name="test_09_SigningCertificateFound_InputPolicyInvalid_IntermediateCertificateRevoked" classname="edu.upc.etsetb.tfm.xml_signature_validation.signature.BasicSignatureValidatorTest" time="0.022"/>
  <testcase name="test_15_SigningCertificateFound_InputPolicyInvalid_CertificateNoIssuanceTime" classname="edu.upc.etsetb.tfm.xml_signature_validation.signature.BasicSignatureValidatorTest" time="0.025"/>
  <testcase name="test_07_SigningCertificateFound_InputPolicyValid_NullPathValidationModel" classname="edu.upc.etsetb.tfm.xml_signature_validation.signature.BasicSignatureValidatorTest" time="0.062"/>
  <testcase name="test_02_SignerCertificateFound_NoInputPolicyDocumentObtainedAndParsed_ChainEmpty" classname="edu.upc.etsetb.tfm.xml_signature_validation.signature.BasicSignatureValidatorTest" time="0.056"/>
  <testcase name="test_01_NoSigningCertificateInSignature" classname="edu.upc.etsetb.tfm.xml_signature_validation.signature.BasicSignatureValidatorTest" time="0.006"/>
  <testcase name="test_18_SigningCertificateFound_InputPolicyInvalid_CertificateNoMaximumRevocationFreshnessAndNoThisUpdate" classname="edu.upc.etsetb.tfm.xml_signature_validation.signature.BasicSignatureValidatorTest" time="0.018"/>
  <testcase name="test_03_SigningCertificateReferenceFound_PolicyDocumentNotObtained" classname="edu.upc.etsetb.tfm.xml_signature_validation.signature.BasicSignatureValidatorTest" time="0.203"/>
  <testcase name="test_22_SigningCertificateFound_InputPolicyInvalid_ValidChain_ObjectIntegrityFailure" classname="edu.upc.etsetb.tfm.xml_signature_validation.signature.BasicSignatureValidatorTest" time="0.041"/>
  <testcase name="test_05_InvalidSignerCertificateSigningCertificateReferenceFound_PolicyDocumentNotParsed" classname="edu.upc.etsetb.tfm.xml_signature_validation.signature.BasicSignatureValidatorTest" time="0.015"/>
  <testcase name="test_16_SigningCertificateFound_InputPolicyInvalid_CertificateNoMaximumRevocationFreshnessAndNoIssuanceTime" classname="edu.upc.etsetb.tfm.xml_signature_validation.signature.BasicSignatureValidatorTest" time="0.009"/>
  <testcase name="test_23_SigningCertificateFound_InputPolicyInvalid_ValidChain_InvalidSignatureValue" classname="edu.upc.etsetb.tfm.xml_signature_validation.signature.BasicSignatureValidatorTest" time="0.045"/>
  <testcase name="test_25_SigningCertificateFound_InputPolicyInvalid_ValidChain_MissingMandatoryAttribute" classname="edu.upc.etsetb.tfm.xml_signature_validation.signature.BasicSignatureValidatorTest" time="0.198"/>
  <testcase name="test_14_SigningCertificateFound_InputPolicyInvalid_CertificateBeforeMaximumAcceptedTimeAndNoMaximumAcceptedRevocationFreshnessAndChainCryptoConstraintsFailure" classname="edu.upc.etsetb.tfm.xml_signature_validation.signature.BasicSignatureValidatorTest" time="0.013"/>
  <testcase name="test_06_SigningCertificateFound_InvalidPolicyDocumentDigest" classname="edu.upc.etsetb.tfm.xml_signature_validation.signature.BasicSignatureValidatorTest" time="0.005"/>
  <testcase name="test_04_InputSigningCertificateNoSignerCertificateFoundNoReferences" classname="edu.upc.etsetb.tfm.xml_signature_validation.signature.BasicSignatureValidatorTest" time="0.006"/>
  <testcase name="test_20_SigningCertificateFound_InputPolicyInvalid_ValidChain_NoDataObjectProperties" classname="edu.upc.etsetb.tfm.xml_signature_validation.signature.BasicSignatureValidatorTest" time="0.017"/>
  <testcase name="test_13_SigningCertificateFound_InputPolicyInvalid_CertificateAfterMaximumAcceptedTimeAndNoMaximumAcceptedRevocationFreshness" classname="edu.upc.etsetb.tfm.xml_signature_validation.signature.BasicSignatureValidatorTest" time="0.021"/>
  <testcase name="test_24_SigningCertificateFound_InputPolicyInvalid_ValidChain_DeprecatedAlgorithm" classname="edu.upc.etsetb.tfm.xml_signature_validation.signature.BasicSignatureValidatorTest" time="0.012"/>
  <testcase name="test_19_SigningCertificateFound_InputPolicyInvalid_InvalidValidityRange" classname="edu.upc.etsetb.tfm.xml_signature_validation.signature.BasicSignatureValidatorTest" time="0.013"/>
  <testcase name="test_26_ValidBasicSignature" classname="edu.upc.etsetb.tfm.xml_signature_validation.signature.BasicSignatureValidatorTest" time="0.014"/>
  <testcase name="test_11_SigningCertificateFound_InputPolicyInvalid_CertificateBeforeMaximumAcceptedTime" classname="edu.upc.etsetb.tfm.xml_signature_validation.signature.BasicSignatureValidatorTest" time="0.006"/>
  <testcase name="test_08_SigningCertificateFound_InputPolicyInvalid_SigningCertificateRevoked" classname="edu.upc.etsetb.tfm.xml_signature_validation.signature.BasicSignatureValidatorTest" time="0.008"/>
  <testcase name="test_17_SigningCertificateFound_InputPolicyInvalid_CertificateNoMaximumRevocationFreshnessAndNoNextUpdate" classname="edu.upc.etsetb.tfm.xml_signature_validation.signature.BasicSignatureValidatorTest" time="0.009"/>
  <testcase name="test_10_SigningCertificateFound_InputPolicyInvalid_ChainGeneralFailure" classname="edu.upc.etsetb.tfm.xml_signature_validation.signature.BasicSignatureValidatorTest" time="0.007"/>
  <testcase name="test_12_SigningCertificateFound_InputPolicyInvalid_CertificateAfterMaximumAcceptedTimeAndChainX509ConstraintsFailure" classname="edu.upc.etsetb.tfm.xml_signature_validation.signature.BasicSignatureValidatorTest" time="0.011"/>
</testsuite>